# JRE version: OpenJDK Runtime Environment Temurin-17.0.4.1+1 (17.0.4.1+1) (build 17.0.4.1+1)
# Java VM: OpenJDK 64-Bit Server VM Temurin-17.0.4.1+1 (17.0.4.1+1, mixed mode, emulated-client, tiered, compressed oops, compressed class ptrs, g1 gc, windows-amd64)
GC Precious Log:
 CPUs: 8 total, 8 available
 Memory: 8097M
 Large Page Support: Disabled
 NUMA Support: Disabled
 Compressed Oops: Enabled (32-bit)
 Heap Region Size: 1M
 Heap Min Capacity: 8M
 Heap Initial Capacity: 128M
 Heap Max Capacity: 2026M
 Pre-touch: Disabled
 Parallel Workers: 8
 Concurrent Workers: 2
 Concurrent Refinement Workers: 8
 Periodic GC: Disabled
Heap:
 garbage-first heap   total 99328K, used 48957K [0x0000000081600000, 0x0000000100000000)
  region size 1024K, 7 young (7168K), 1 survivors (1024K)
 Metaspace       used 63559K, committed 64064K, reserved 1105920K
  class space    used 8069K, committed 8320K, reserved 1048576K
GC Heap History (20 events):
Event: 54888.755 GC heap before
{Heap before GC invocations=68 (full 5):
 garbage-first heap   total 86016K, used 51953K [0x0000000081600000, 0x0000000100000000)
  region size 1024K, 29 young (29696K), 0 survivors (0K)
 Metaspace       used 63192K, committed 63616K, reserved 1105920K
  class space    used 8048K, committed 8256K, reserved 1048576K
}
Event: 54888.757 GC heap after
{Heap after GC invocations=69 (full 5):
 garbage-first heap   total 86016K, used 25727K [0x0000000081600000, 0x0000000100000000)
  region size 1024K, 3 young (3072K), 3 survivors (3072K)
 Metaspace       used 63192K, committed 63616K, reserved 1105920K
  class space    used 8048K, committed 8256K, reserved 1048576K
}
Event: 54889.150 GC heap before
{Heap before GC invocations=70 (full 5):
 garbage-first heap   total 86016K, used 54399K [0x0000000081600000, 0x0000000100000000)
  region size 1024K, 32 young (32768K), 3 survivors (3072K)
 Metaspace       used 63304K, committed 63808K, reserved 1105920K
  class space    used 8064K, committed 8320K, reserved 1048576K
}
Event: 54889.155 GC heap after
{Heap after GC invocations=71 (full 5):
 garbage-first heap   total 86016K, used 28054K [0x0000000081600000, 0x0000000100000000)
  region size 1024K, 3 young (3072K), 3 survivors (3072K)
 Metaspace       used 63304K, committed 63808K, reserved 1105920K
  class space    used 8064K, committed 8320K, reserved 1048576K
}
Event: 54889.231 GC heap before
{Heap before GC invocations=72 (full 5):
 garbage-first heap   total 86016K, used 57750K [0x0000000081600000, 0x0000000100000000)
  region size 1024K, 32 young (32768K), 3 survivors (3072K)
 Metaspace       used 63304K, committed 63808K, reserved 1105920K
  class space    used 8064K, committed 8320K, reserved 1048576K
}
Event: 54889.239 GC heap after
{Heap after GC invocations=73 (full 5):
 garbage-first heap   total 86016K, used 35298K [0x0000000081600000, 0x0000000100000000)
  region size 1024K, 4 young (4096K), 4 survivors (4096K)
 Metaspace       used 63304K, committed 63808K, reserved 1105920K
  class space    used 8064K, committed 8320K, reserved 1048576K
}
Event: 54889.340 GC heap before
{Heap before GC invocations=73 (full 5):
 garbage-first heap   total 86016K, used 55778K [0x0000000081600000, 0x0000000100000000)
  region size 1024K, 26 young (26624K), 4 survivors (4096K)
 Metaspace       used 63304K, committed 63808K, reserved 1105920K
  class space    used 8064K, committed 8320K, reserved 1048576K
}
Event: 54889.347 GC heap after
{Heap after GC invocations=74 (full 5):
 garbage-first heap   total 86016K, used 41573K [0x0000000081600000, 0x0000000100000000)
  region size 1024K, 4 young (4096K), 4 survivors (4096K)
 Metaspace       used 63304K, committed 63808K, reserved 1105920K
  class space    used 8064K, committed 8320K, reserved 1048576K
}
Event: 54889.402 GC heap before
{Heap before GC invocations=74 (full 5):
 garbage-first heap   total 86016K, used 60005K [0x0000000081600000, 0x0000000100000000)
  region size 1024K, 22 young (22528K), 4 survivors (4096K)
 Metaspace       used 63304K, committed 63808K, reserved 1105920K
  class space    used 8064K, committed 8320K, reserved 1048576K
}
Event: 54889.407 GC heap after
{Heap after GC invocations=75 (full 5):
 garbage-first heap   total 86016K, used 47857K [0x0000000081600000, 0x0000000100000000)
  region size 1024K, 3 young (3072K), 3 survivors (3072K)
 Metaspace       used 63304K, committed 63808K, reserved 1105920K
  class space    used 8064K, committed 8320K, reserved 1048576K
}
Event: 54889.448 GC heap before
{Heap before GC invocations=76 (full 5):
 garbage-first heap   total 89088K, used 62193K [0x0000000081600000, 0x0000000100000000)
  region size 1024K, 17 young (17408K), 3 survivors (3072K)
 Metaspace       used 63301K, committed 63808K, reserved 1105920K
  class space    used 8063K, committed 8320K, reserved 1048576K
}
Event: 54889.453 GC heap after
{Heap after GC invocations=77 (full 5):
 garbage-first heap   total 89088K, used 52223K [0x0000000081600000, 0x0000000100000000)
  region size 1024K, 3 young (3072K), 3 survivors (3072K)
 Metaspace       used 63301K, committed 63808K, reserved 1105920K
  class space    used 8063K, committed 8320K, reserved 1048576K
}
Event: 54889.476 GC heap before
{Heap before GC invocations=77 (full 5):
 garbage-first heap   total 89088K, used 65535K [0x0000000081600000, 0x0000000100000000)
  region size 1024K, 16 young (16384K), 3 survivors (3072K)
 Metaspace       used 63301K, committed 63808K, reserved 1105920K
  class space    used 8063K, committed 8320K, reserved 1048576K
}
Event: 54889.482 GC heap after
{Heap after GC invocations=78 (full 5):
 garbage-first heap   total 89088K, used 57620K [0x0000000081600000, 0x0000000100000000)
  region size 1024K, 2 young (2048K), 2 survivors (2048K)
 Metaspace       used 63301K, committed 63808K, reserved 1105920K
  class space    used 8063K, committed 8320K, reserved 1048576K
}
Event: 54897.640 GC heap before
{Heap before GC invocations=79 (full 5):
 garbage-first heap   total 99328K, used 62740K [0x0000000081600000, 0x0000000100000000)
  region size 1024K, 11 young (11264K), 2 survivors (2048K)
 Metaspace       used 63301K, committed 63808K, reserved 1105920K
  class space    used 8063K, committed 8320K, reserved 1048576K
}
Event: 54897.644 GC heap after
{Heap after GC invocations=80 (full 5):
 garbage-first heap   total 99328K, used 55172K [0x0000000081600000, 0x0000000100000000)
  region size 1024K, 2 young (2048K), 2 survivors (2048K)
 Metaspace       used 63301K, committed 63808K, reserved 1105920K
  class space    used 8063K, committed 8320K, reserved 1048576K
}
Event: 54909.721 GC heap before
{Heap before GC invocations=80 (full 5):
 garbage-first heap   total 99328K, used 57220K [0x0000000081600000, 0x0000000100000000)
  region size 1024K, 4 young (4096K), 2 survivors (2048K)
 Metaspace       used 63369K, committed 63872K, reserved 1105920K
  class space    used 8067K, committed 8320K, reserved 1048576K
}
Event: 54909.724 GC heap after
{Heap after GC invocations=81 (full 5):
 garbage-first heap   total 99328K, used 45684K [0x0000000081600000, 0x0000000100000000)
  region size 1024K, 1 young (1024K), 1 survivors (1024K)
 Metaspace       used 63369K, committed 63872K, reserved 1105920K
  class space    used 8067K, committed 8320K, reserved 1048576K
}
Event: 54940.300 GC heap before
{Heap before GC invocations=81 (full 5):
 garbage-first heap   total 99328K, used 48756K [0x0000000081600000, 0x0000000100000000)
  region size 1024K, 4 young (4096K), 1 survivors (1024K)
 Metaspace       used 63369K, committed 63872K, reserved 1105920K
  class space    used 8067K, committed 8320K, reserved 1048576K
}
Event: 54940.302 GC heap after
{Heap after GC invocations=82 (full 5):
 garbage-first heap   total 99328K, used 44861K [0x0000000081600000, 0x0000000100000000)
  region size 1024K, 1 young (1024K), 1 survivors (1024K)
 Metaspace       used 63369K, committed 63872K, reserved 1105920K
  class space    used 8067K, committed 8320K, reserved 1048576K
}

